0 info it worked if it ends with ok
1 verbose cli [ '/usr/bin/node', '/usr/bin/npm', 'install', '-g', 'mustache' ]
2 info using npm@3.5.2
3 info using node@v8.10.0
4 silly loadCurrentTree Starting
5 silly install loadCurrentTree
6 silly install readGlobalPackageData
7 silly fetchPackageMetaData mustache
8 silly fetchNamedPackageData mustache
9 silly mapToRegistry name mustache
10 silly mapToRegistry using default registry
11 silly mapToRegistry registry https://registry.npmjs.org/
12 silly mapToRegistry uri https://registry.npmjs.org/mustache
13 verbose request uri https://registry.npmjs.org/mustache
14 verbose request no auth needed
15 info attempt registry request try #1 at 13:55:44
16 verbose request id ee325a6898dc75fc
17 http request GET https://registry.npmjs.org/mustache
18 http 200 https://registry.npmjs.org/mustache
19 verbose headers { date: 'Wed, 09 Oct 2019 12:55:45 GMT',
19 verbose headers   'content-type': 'application/json',
19 verbose headers   'transfer-encoding': 'chunked',
19 verbose headers   connection: 'keep-alive',
19 verbose headers   'set-cookie':
19 verbose headers    [ '__cfduid=d86253921bbce315ae3009e04dd7eac2f1570625745; expires=Thu, 08-Oct-20 12:55:45 GMT; path=/; domain=.npmjs.org; HttpOnly' ],
19 verbose headers   'cf-cache-status': 'HIT',
19 verbose headers   'cache-control': 'max-age=300',
19 verbose headers   'cf-ray': '523082bcdaa2dc37-LHR',
19 verbose headers   age: '5221',
19 verbose headers   etag: 'W/"c5a12b799deafb4ae171e0656c6fb976"',
19 verbose headers   'expect-ct': 'max-age=604800, report-uri="https://report-uri.cloudflare.com/cdn-cgi/beacon/expect-ct"',
19 verbose headers   'last-modified': 'Fri, 13 Sep 2019 11:19:18 GMT',
19 verbose headers   vary: 'accept-encoding, accept',
19 verbose headers   'x-amz-meta-rev': '128-e10ff38642082a371cd3b84a6b75a722',
19 verbose headers   server: 'cloudflare',
19 verbose headers   'content-encoding': 'gzip' }
20 silly get cb [ 200,
20 silly get   { date: 'Wed, 09 Oct 2019 12:55:45 GMT',
20 silly get     'content-type': 'application/json',
20 silly get     'transfer-encoding': 'chunked',
20 silly get     connection: 'keep-alive',
20 silly get     'set-cookie':
20 silly get      [ '__cfduid=d86253921bbce315ae3009e04dd7eac2f1570625745; expires=Thu, 08-Oct-20 12:55:45 GMT; path=/; domain=.npmjs.org; HttpOnly' ],
20 silly get     'cf-cache-status': 'HIT',
20 silly get     'cache-control': 'max-age=300',
20 silly get     'cf-ray': '523082bcdaa2dc37-LHR',
20 silly get     age: '5221',
20 silly get     etag: 'W/"c5a12b799deafb4ae171e0656c6fb976"',
20 silly get     'expect-ct': 'max-age=604800, report-uri="https://report-uri.cloudflare.com/cdn-cgi/beacon/expect-ct"',
20 silly get     'last-modified': 'Fri, 13 Sep 2019 11:19:18 GMT',
20 silly get     vary: 'accept-encoding, accept',
20 silly get     'x-amz-meta-rev': '128-e10ff38642082a371cd3b84a6b75a722',
20 silly get     server: 'cloudflare',
20 silly get     'content-encoding': 'gzip' } ]
21 verbose get saving mustache to /home/leo/.npm/registry.npmjs.org/mustache/.cache.json
22 verbose makeDirectory /home/leo/.npm creation not in flight; initializing
23 silly makeDirectory /home/leo/.npm uid: 1000 gid: 1000
24 silly install normalizeTree
25 silly loadCurrentTree Finishing
26 silly loadIdealTree Starting
27 silly install loadIdealTree
28 silly cloneCurrentTree Starting
29 silly install cloneCurrentTreeToIdealTree
30 silly cloneCurrentTree Finishing
31 silly loadShrinkwrap Starting
32 silly install loadShrinkwrap
33 silly loadShrinkwrap Finishing
34 silly loadAllDepsIntoIdealTree Starting
35 silly install loadAllDepsIntoIdealTree
36 silly resolveWithNewModule mustache@3.1.0 checking installable status
37 silly cache add args [ 'mustache', null ]
38 verbose cache add spec mustache
39 silly cache add parsed spec Result {
39 silly cache add   raw: 'mustache',
39 silly cache add   scope: null,
39 silly cache add   name: 'mustache',
39 silly cache add   rawSpec: '',
39 silly cache add   spec: 'latest',
39 silly cache add   type: 'tag' }
40 silly addNamed mustache@latest
41 verbose addNamed "latest" is being treated as a dist-tag for mustache
42 info addNameTag [ 'mustache', 'latest' ]
43 silly mapToRegistry name mustache
44 silly mapToRegistry using default registry
45 silly mapToRegistry registry https://registry.npmjs.org/
46 silly mapToRegistry uri https://registry.npmjs.org/mustache
47 verbose addNameTag registry:https://registry.npmjs.org/mustache not in flight; fetching
48 verbose get https://registry.npmjs.org/mustache not expired, no request
49 silly addNameTag next cb for mustache with tag latest
50 silly addNamed mustache@3.1.0
51 verbose addNamed "3.1.0" is a plain semver version for mustache
52 silly mapToRegistry name mustache
53 silly mapToRegistry using default registry
54 silly mapToRegistry registry https://registry.npmjs.org/
55 silly mapToRegistry uri https://registry.npmjs.org/mustache
56 verbose addRemoteTarball https://registry.npmjs.org/mustache/-/mustache-3.1.0.tgz not in flight; adding
57 verbose addRemoteTarball [ 'https://registry.npmjs.org/mustache/-/mustache-3.1.0.tgz',
57 verbose addRemoteTarball   '9fba26e7aefc5709f07ff585abb7e0abced6c372' ]
58 info retry fetch attempt 1 at 13:55:45
59 info attempt registry request try #1 at 13:55:45
60 http fetch GET https://registry.npmjs.org/mustache/-/mustache-3.1.0.tgz
61 http fetch 200 https://registry.npmjs.org/mustache/-/mustache-3.1.0.tgz
62 silly fetchAndShaCheck shasum 9fba26e7aefc5709f07ff585abb7e0abced6c372
63 verbose addTmpTarball /tmp/npm-17957-c0c6e137/registry.npmjs.org/mustache/-/mustache-3.1.0.tgz not in flight; adding
64 verbose addTmpTarball already have metadata; skipping unpack for mustache@3.1.0
65 silly cache afterAdd mustache@3.1.0
66 verbose afterAdd /home/leo/.npm/mustache/3.1.0/package/package.json not in flight; writing
67 verbose afterAdd /home/leo/.npm/mustache/3.1.0/package/package.json written
68 silly loadAllDepsIntoIdealTree Finishing
69 silly idealTree:prePrune lib
69 silly idealTree:prePrune └── mustache@3.1.0
70 silly loadIdealTree Finishing
71 silly currentTree lib
72 silly idealTree lib
72 silly idealTree └── mustache@3.1.0
73 silly generateActionsToTake Starting
74 silly install generateActionsToTake
75 warn checkPermissions Missing write access to /usr/local/lib
76 silly rollbackFailedOptional Starting
77 silly rollbackFailedOptional Finishing
78 silly runTopLevelLifecycles Starting
79 silly runTopLevelLifecycles Finishing
80 silly install printInstalled
81 verbose stack Error: EACCES: permission denied, access '/usr/local/lib'
82 verbose cwd /home/leo/Desktop/Makers Academy/week7/frontend-api-challenge
83 error Linux 5.0.0-29-generic
84 error argv "/usr/bin/node" "/usr/bin/npm" "install" "-g" "mustache"
85 error node v8.10.0
86 error npm  v3.5.2
87 error path /usr/local/lib
88 error code EACCES
89 error errno -13
90 error syscall access
91 error Error: EACCES: permission denied, access '/usr/local/lib'
91 error  { Error: EACCES: permission denied, access '/usr/local/lib'
91 error   errno: -13,
91 error   code: 'EACCES',
91 error   syscall: 'access',
91 error   path: '/usr/local/lib' }
92 error Please try running this command again as root/Administrator.
93 verbose exit [ -13, true ]
